# JRE version: OpenJDK Runtime Environment Temurin-17.0.9+9 (17.0.9+9) (build 17.0.9+9)
# Java VM: OpenJDK 64-Bit Server VM Temurin-17.0.9+9 (17.0.9+9, mixed mode, emulated-client, tiered, compressed oops, compressed class ptrs, g1 gc, windows-amd64)
GC Precious Log:
 CPUs: 12 total, 12 available
 Memory: 16053M
 Large Page Support: Disabled
 NUMA Support: Disabled
 Compressed Oops: Enabled (Zero based)
 Heap Region Size: 2M
 Heap Min Capacity: 8M
 Heap Initial Capacity: 252M
 Heap Max Capacity: 4014M
 Pre-touch: Disabled
 Parallel Workers: 10
 Concurrent Workers: 3
 Concurrent Refinement Workers: 10
 Periodic GC: Disabled
Heap:
 garbage-first heap   total 131072K, used 42428K [0x0000000705200000, 0x0000000800000000)
  region size 2048K, 13 young (26624K), 2 survivors (4096K)
 Metaspace       used 53027K, committed 53504K, reserved 1114112K
  class space    used 6688K, committed 6912K, reserved 1048576K
GC Heap History (20 events):
Event: 0.979 GC heap before
{Heap before GC invocations=2 (full 0):
 garbage-first heap   total 258048K, used 47961K [0x0000000705200000, 0x0000000800000000)
  region size 2048K, 21 young (43008K), 1 survivors (2048K)
 Metaspace       used 21188K, committed 21504K, reserved 1114112K
  class space    used 2370K, committed 2560K, reserved 1048576K
}
Event: 0.981 GC heap after
{Heap after GC invocations=3 (full 0):
 garbage-first heap   total 258048K, used 9849K [0x0000000705200000, 0x0000000800000000)
  region size 2048K, 2 young (4096K), 2 survivors (4096K)
 Metaspace       used 21188K, committed 21504K, reserved 1114112K
  class space    used 2370K, committed 2560K, reserved 1048576K
}
Event: 1.059 GC heap before
{Heap before GC invocations=4 (full 0):
 garbage-first heap   total 49152K, used 34425K [0x0000000705200000, 0x0000000800000000)
  region size 2048K, 15 young (30720K), 2 survivors (4096K)
 Metaspace       used 23724K, committed 24064K, reserved 1114112K
  class space    used 2719K, committed 2880K, reserved 1048576K
}
Event: 1.061 GC heap after
{Heap after GC invocations=5 (full 0):
 garbage-first heap   total 49152K, used 10703K [0x0000000705200000, 0x0000000800000000)
  region size 2048K, 2 young (4096K), 2 survivors (4096K)
 Metaspace       used 23724K, committed 24064K, reserved 1114112K
  class space    used 2719K, committed 2880K, reserved 1048576K
}
Event: 1.064 GC heap before
{Heap before GC invocations=5 (full 0):
 garbage-first heap   total 49152K, used 10703K [0x0000000705200000, 0x0000000800000000)
  region size 2048K, 3 young (6144K), 2 survivors (4096K)
 Metaspace       used 23908K, committed 24192K, reserved 1114112K
  class space    used 2742K, committed 2880K, reserved 1048576K
}
Event: 1.066 GC heap after
{Heap after GC invocations=6 (full 0):
 garbage-first heap   total 49152K, used 10756K [0x0000000705200000, 0x0000000800000000)
  region size 2048K, 1 young (2048K), 1 survivors (2048K)
 Metaspace       used 23908K, committed 24192K, reserved 1114112K
  class space    used 2742K, committed 2880K, reserved 1048576K
}
Event: 1.113 GC heap before
{Heap before GC invocations=6 (full 0):
 garbage-first heap   total 49152K, used 29188K [0x0000000705200000, 0x0000000800000000)
  region size 2048K, 10 young (20480K), 1 survivors (2048K)
 Metaspace       used 25817K, committed 26176K, reserved 1114112K
  class space    used 2964K, committed 3136K, reserved 1048576K
}
Event: 1.114 GC heap after
{Heap after GC invocations=7 (full 0):
 garbage-first heap   total 153600K, used 11334K [0x0000000705200000, 0x0000000800000000)
  region size 2048K, 1 young (2048K), 1 survivors (2048K)
 Metaspace       used 25817K, committed 26176K, reserved 1114112K
  class space    used 2964K, committed 3136K, reserved 1048576K
}
Event: 1.520 GC heap before
{Heap before GC invocations=7 (full 0):
 garbage-first heap   total 153600K, used 99398K [0x0000000705200000, 0x0000000800000000)
  region size 2048K, 45 young (92160K), 1 survivors (2048K)
 Metaspace       used 32131K, committed 32512K, reserved 1114112K
  class space    used 3831K, committed 4032K, reserved 1048576K
}
Event: 1.523 GC heap after
{Heap after GC invocations=8 (full 0):
 garbage-first heap   total 153600K, used 14364K [0x0000000705200000, 0x0000000800000000)
  region size 2048K, 3 young (6144K), 3 survivors (6144K)
 Metaspace       used 32131K, committed 32512K, reserved 1114112K
  class space    used 3831K, committed 4032K, reserved 1048576K
}
Event: 1.833 GC heap before
{Heap before GC invocations=8 (full 0):
 garbage-first heap   total 153600K, used 63516K [0x0000000705200000, 0x0000000800000000)
  region size 2048K, 28 young (57344K), 3 survivors (6144K)
 Metaspace       used 35736K, committed 36096K, reserved 1114112K
  class space    used 4385K, committed 4544K, reserved 1048576K
}
Event: 1.836 GC heap after
{Heap after GC invocations=9 (full 0):
 garbage-first heap   total 153600K, used 16387K [0x0000000705200000, 0x0000000800000000)
  region size 2048K, 4 young (8192K), 4 survivors (8192K)
 Metaspace       used 35736K, committed 36096K, reserved 1114112K
  class space    used 4385K, committed 4544K, reserved 1048576K
}
Event: 2.073 GC heap before
{Heap before GC invocations=10 (full 0):
 garbage-first heap   total 69632K, used 53251K [0x0000000705200000, 0x0000000800000000)
  region size 2048K, 24 young (49152K), 4 survivors (8192K)
 Metaspace       used 38809K, committed 39232K, reserved 1114112K
  class space    used 4813K, committed 5056K, reserved 1048576K
}
Event: 2.077 GC heap after
{Heap after GC invocations=11 (full 0):
 garbage-first heap   total 71680K, used 18676K [0x0000000705200000, 0x0000000800000000)
  region size 2048K, 5 young (10240K), 5 survivors (10240K)
 Metaspace       used 38809K, committed 39232K, reserved 1114112K
  class space    used 4813K, committed 5056K, reserved 1048576K
}
Event: 2.091 GC heap before
{Heap before GC invocations=11 (full 0):
 garbage-first heap   total 71680K, used 20724K [0x0000000705200000, 0x0000000800000000)
  region size 2048K, 6 young (12288K), 5 survivors (10240K)
 Metaspace       used 39010K, committed 39424K, reserved 1114112K
  class space    used 4836K, committed 5056K, reserved 1048576K
}
Event: 2.095 GC heap after
{Heap after GC invocations=12 (full 0):
 garbage-first heap   total 71680K, used 19649K [0x0000000705200000, 0x0000000800000000)
  region size 2048K, 1 young (2048K), 1 survivors (2048K)
 Metaspace       used 39010K, committed 39424K, reserved 1114112K
  class space    used 4836K, committed 5056K, reserved 1048576K
}
Event: 2.315 GC heap before
{Heap before GC invocations=12 (full 0):
 garbage-first heap   total 71680K, used 54465K [0x0000000705200000, 0x0000000800000000)
  region size 2048K, 18 young (36864K), 1 survivors (2048K)
 Metaspace       used 41682K, committed 42176K, reserved 1114112K
  class space    used 5200K, committed 5440K, reserved 1048576K
}
Event: 2.317 GC heap after
{Heap after GC invocations=13 (full 0):
 garbage-first heap   total 131072K, used 19657K [0x0000000705200000, 0x0000000800000000)
  region size 2048K, 1 young (2048K), 1 survivors (2048K)
 Metaspace       used 41682K, committed 42176K, reserved 1114112K
  class space    used 5200K, committed 5440K, reserved 1048576K
}
Event: 2.724 GC heap before
{Heap before GC invocations=13 (full 0):
 garbage-first heap   total 131072K, used 95433K [0x0000000705200000, 0x0000000800000000)
  region size 2048K, 38 young (77824K), 1 survivors (2048K)
 Metaspace       used 51393K, committed 51840K, reserved 1114112K
  class space    used 6428K, committed 6656K, reserved 1048576K
}
Event: 2.726 GC heap after
{Heap after GC invocations=14 (full 0):
 garbage-first heap   total 131072K, used 21948K [0x0000000705200000, 0x0000000800000000)
  region size 2048K, 2 young (4096K), 2 survivors (4096K)
 Metaspace       used 51393K, committed 51840K, reserved 1114112K
  class space    used 6428K, committed 6656K, reserved 1048576K
}

